Determining if the pthread_create exist failed with the following output:
Change Dir: /home/ubuntu/dev/cuda-programming/image-processing/build/CMakeFiles/CMakeTmp

Run Build Command:"/usr/bin/make" "cmTC_473de/fast"
/usr/bin/make -f CMakeFiles/cmTC_473de.dir/build.make CMakeFiles/cmTC_473de.dir/build
make[1]: Entering directory '/home/ubuntu/dev/cuda-programming/image-processing/build/CMakeFiles/CMakeTmp'
Building CXX object CMakeFiles/cmTC_473de.dir/CheckSymbolExists.cxx.o
/usr/bin/c++      -o CMakeFiles/cmTC_473de.dir/CheckSymbolExists.cxx.o -c /home/ubuntu/dev/cuda-programming/image-processing/build/CMakeFiles/CMakeTmp/CheckSymbolExists.cxx
Linking CXX executable cmTC_473de
/usr/bin/cmake -E cmake_link_script CMakeFiles/cmTC_473de.dir/link.txt --verbose=1
/usr/bin/c++        CMakeFiles/cmTC_473de.dir/CheckSymbolExists.cxx.o  -o cmTC_473de 
CMakeFiles/cmTC_473de.dir/CheckSymbolExists.cxx.o: In function `main':
CheckSymbolExists.cxx:(.text+0x16): undefined reference to `pthread_create'
collect2: error: ld returned 1 exit status
CMakeFiles/cmTC_473de.dir/build.make:97: recipe for target 'cmTC_473de' failed
make[1]: *** [cmTC_473de] Error 1
make[1]: Leaving directory '/home/ubuntu/dev/cuda-programming/image-processing/build/CMakeFiles/CMakeTmp'
Makefile:126: recipe for target 'cmTC_473de/fast' failed
make: *** [cmTC_473de/fast] Error 2

File /home/ubuntu/dev/cuda-programming/image-processing/build/CMakeFiles/CMakeTmp/CheckSymbolExists.cxx:
/* */
#include <pthread.h>

int main(int argc, char** argv)
{
  (void)argv;
#ifndef pthread_create
  return ((int*)(&pthread_create))[argc];
#else
  (void)argc;
  return 0;
#endif
}

Determining if the function pthread_create exists in the pthreads failed with the following output:
Change Dir: /home/ubuntu/dev/cuda-programming/image-processing/build/CMakeFiles/CMakeTmp

Run Build Command:"/usr/bin/make" "cmTC_75ed7/fast"
/usr/bin/make -f CMakeFiles/cmTC_75ed7.dir/build.make CMakeFiles/cmTC_75ed7.dir/build
make[1]: Entering directory '/home/ubuntu/dev/cuda-programming/image-processing/build/CMakeFiles/CMakeTmp'
Building CXX object CMakeFiles/cmTC_75ed7.dir/CheckFunctionExists.cxx.o
/usr/bin/c++     -DCHECK_FUNCTION_EXISTS=pthread_create   -o CMakeFiles/cmTC_75ed7.dir/CheckFunctionExists.cxx.o -c /home/ubuntu/dev/cuda-programming/image-processing/build/CMakeFiles/CheckLibraryExists/CheckFunctionExists.cxx
Linking CXX executable cmTC_75ed7
/usr/bin/cmake -E cmake_link_script CMakeFiles/cmTC_75ed7.dir/link.txt --verbose=1
/usr/bin/c++    -DCHECK_FUNCTION_EXISTS=pthread_create    CMakeFiles/cmTC_75ed7.dir/CheckFunctionExists.cxx.o  -o cmTC_75ed7 -lpthreads 
/usr/bin/ld: cannot find -lpthreads
collect2: error: ld returned 1 exit status
CMakeFiles/cmTC_75ed7.dir/build.make:97: recipe for target 'cmTC_75ed7' failed
make[1]: *** [cmTC_75ed7] Error 1
make[1]: Leaving directory '/home/ubuntu/dev/cuda-programming/image-processing/build/CMakeFiles/CMakeTmp'
Makefile:126: recipe for target 'cmTC_75ed7/fast' failed
make: *** [cmTC_75ed7/fast] Error 2


